17:37:12 **** Incremental Build of configuration Debug for project WiFi_UDP_Client ****
"C:\\Users\\Senne\\ModusToolbox\\tools_3.0\\modus-shell\\bin\\make" CY_MAKE_IDE=eclipse CY_IDE_TOOLS_DIR=C:/Users/Senne/ModusToolbox/tools_3.0 CY_IDE_BT_TOOLS_DIR= -j16 all 
Tools Directory: C:/Users/Senne/ModusToolbox/tools_3.0
Searching installed tools in progress...
Searching installed tools complete




Prebuild operations complete

Auto-discovery in progress...
Auto-discovery complete
Commencing build operations...

Tools Directory: C:/Users/Senne/ModusToolbox/tools_3.0

Initializing build: mtb-example-wifi-udp-client Debug APP_CY8CPROTO-062-4343W GCC_ARM

Constructing build rules...
Build rules construction complete

==============================================================================
= Building application =
==============================================================================
Generating compilation database file...
-> ./build/compile_commands.json
Compilation database file generation complete
Building 431 file(s)
Compiling source/udp_client.c -DCOMPONENT_4343W -DCOMPONENT_APP_CY8CPROTO_062_4343W -DCOMPONENT_CAT1 -DCOMPONENT_CAT1A -DCOMPONENT_CM0P_SLEEP -DCOMPONENT_CM4 -DCOMPONENT_CM4_0 -DCOMPONENT_Debug -DCOMPONENT_FREERTOS -DCOMPONENT_GCC_ARM -DCOMPONENT_HCI_UART -DCOMPONENT_LWIP -DCOMPONENT_MBEDTLS -DCOMPONENT_MURATA_1DX -DCOMPONENT_MW_ABSTRACTION_RTOS -DCOMPONENT_MW_CAPSENSE -DCOMPONENT_MW_CAT1CM0P -DCOMPONENT_MW_CLIB_SUPPORT -DCOMPONENT_MW_CMSIS -DCOMPONENT_MW_CONNECTIVITY_UTILITIES -DCOMPONENT_MW_CORE_LIB -DCOMPONENT_MW_CORE_MAKE -DCOMPONENT_MW_CY_MBEDTLS_ACCELERATION -DCOMPONENT_MW_FREERTOS -DCOMPONENT_MW_LWIP -DCOMPONENT_MW_LWIP_FREERTOS_INTEGRATION -DCOMPONENT_MW_LWIP_NETWORK_INTERFACE_INTEGRATION -DCOMPONENT_MW_MBEDTLS -DCOMPONENT_MW_MTB_HAL_CAT1 -DCOMPONENT_MW_MTB_PDL_CAT1 -DCOMPONENT_MW_RECIPE_MAKE_CAT1A -DCOMPONENT_MW_RETARGET_IO -DCOMPONENT_MW_SECURE_SOCKETS -DCOMPONENT_MW_SERIAL_FLASH -DCOMPONENT_MW_WHD_BSP_INTEGRATION -DCOMPONENT_MW_WIFI_CONNECTION_MANAGER -DCOMPONENT_MW_WIFI_CORE_FREERTOS_LWIP_MBEDTLS -DCOMPONENT_MW_WIFI_HOST_DRIVER -DCOMPONENT_MW_WPA3_EXTERNAL_SUPPLICANT -DCOMPONENT_PSOC6_02 -DCOMPONENT_SOFTFP -DCOMPONENT_WIFI_INTERFACE_SDIO -DCORE_NAME_CM4_0=1 -DCY8C624ABZI_S2D44 -DCYBSP_WIFI_CAPABLE -DCY_APPNAME_mtb_example_wifi_udp_client -DCY_RETARGET_IO_CONVERT_LF_TO_CRLF -DCY_RTOS_AWARE -DCY_SUPPORTS_DEVICE_VALIDATION -DCY_TARGET_BOARD=APP_CY8CPROTO_062_4343W -DCY_USING_HAL -DCY_WIFI_HOST_WAKE_SW_FORCE=0 -DDEBUG -DMBEDTLS_USER_CONFIG_FILE='"mbedtls_user_config.h"' -DTARGET_APP_CY8CPROTO_062_4343W -I./configs -I. -Ibsps/TARGET_APP_CY8CPROTO-062-4343W -Ibsps -Ibsps/TARGET_APP_CY8CPROTO-062-4343W/bluetooth -Ibsps/TARGET_APP_CY8CPROTO-062-4343W/config/GeneratedSource -Ibsps/TARGET_APP_CY8CPROTO-062-4343W/config -Isource -I../mtb_shared/capsense/release-v3.0.0 -I../mtb_shared/retarget-io/release-v1.3.0 -I../mtb_shared/serial-flash/release-v1.3.0 -I../mtb_shared/wifi-core-freertos-lwip-mbedtls/release-v1.0.0/configs -I../mtb_shared/wifi-core-freertos-lwip-mbedtls/release-v1.0.0 -I../mtb_shared/abstraction-rtos/release-v1.6.0/include -I../mtb_shared/abstraction-rtos/release-v1.6.0 -I../mtb_shared/abstraction-rtos/release-v1.6.0/include/COMPONENT_FREERTOS -I../mtb_shared/cat1cm0p/release-v1.0.0/COMPONENT_CAT1A -I../mtb_shared/cat1cm0p/release-v1.0.0 -I../mtb_shared/clib-support/release-v1.3.0 -I../mtb_shared/clib-support/release-v1.3.0/TOOLCHAIN_GCC_ARM -I../mtb_shared/cmsis/release-v5.8.0/Core/Include -I../mtb_shared/cmsis/release-v5.8.0/Core -I../mtb_shared/cmsis/release-v5.8.0 -I../mtb_shared/connectivity-utilities/release-v4.0.0 -I../mtb_shared/connectivity-utilities/release-v4.0.0/cy_log -I../mtb_shared/connectivity-utilities/release-v4.0.0/cy_string -I../mtb_shared/connectivity-utilities/release-v4.0.0/JSON_parser -I../mtb_shared/connectivity-utilities/release-v4.0.0/linked_list -I../mtb_shared/connectivity-utilities/release-v4.0.0/network -I../mtb_shared/core-lib/release-v1.3.1/include -I../mtb_shared/core-lib/release-v1.3.1 -I../mtb_shared/cy-mbedtls-acceleration/release-v1.4.1 -I../mtb_shared/cy-mbedtls-acceleration/release-v1.4.1/COMPONENT_CAT1/include -I../mtb_shared/cy-mbedtls-acceleration/release-v1.4.1/COMPONENT_CAT1 -I../mtb_shared/cy-mbedtls-acceleration/release-v1.4.1/COMPONENT_CAT1/mbedtls_MXCRYPTO -I../mtb_shared/cy-mbedtls-acceleration/release-v1.4.1/COMPONENT_CAT1/mbedtls_MXCRYPTOLITE -I../mtb_shared/freertos/release-v10.4.304/Source/include -I../mtb_shared/freertos/release-v10.4.304/Source -I../mtb_shared/freertos/release-v10.4.304 -I../mtb_shared/freertos/release-v10.4.304/Source/portable/COMPONENT_CM4 -I../mtb_shared/freertos/release-v10.4.304/Source/portable -I../mtb_shared/freertos/release-v10.4.304/Source/portable/COMPONENT_CM4/TOOLCHAIN_GCC_ARM -I../mtb_shared/lwip-freertos-integration/release-v1.0.0/arch -I../mtb_shared/lwip-freertos-integration/release-v1.0.0 -I../mtb_shared/lwip-network-interface-integration/release-v1.0.0/include -I../mtb_shared/lwip-network-interface-integration/release-v1.0.0 -I../mtb_shared/lwip-network-interface-integration/release-v1.0.0/source -I../mtb_shared/lwip/STABLE-2_1_2_RELEASE/src/include/compat/posix -I../mtb_shared/lwip/STABLE-2_1_2_RELEASE/src/include/compat -I../mtb_shared/lwip/STABLE-2_1_2_RELEASE/src/include -I../mtb_shared/lwip/STABLE-2_1_2_RELEASE/src -I../mtb_shared/lwip/STABLE-2_1_2_RELEASE -I../mtb_shared/lwip/STABLE-2_1_2_RELEASE/src/include/compat/posix/arpa -I../mtb_shared/lwip/STABLE-2_1_2_RELEASE/src/include/compat/posix/net -I../mtb_shared/lwip/STABLE-2_1_2_RELEASE/src/include/compat/posix/sys -I../mtb_shared/lwip/STABLE-2_1_2_RELEASE/src/include/compat/stdc -I../mtb_shared/lwip/STABLE-2_1_2_RELEASE/src/include/lwip -I../mtb_shared/lwip/STABLE-2_1_2_RELEASE/src/include/lwip/apps -I../mtb_shared/lwip/STABLE-2_1_2_RELEASE/src/include/lwip/priv -I../mtb_shared/lwip/STABLE-2_1_2_RELEASE/src/include/lwip/prot -I../mtb_shared/lwip/STABLE-2_1_2_RELEASE/src/include/netif -I../mtb_shared/lwip/STABLE-2_1_2_RELEASE/src/include/netif/ppp -I../mtb_shared/lwip/STABLE-2_1_2_RELEASE/src/include/netif/ppp/polarssl -I../mtb_shared/mbedtls/mbedtls-2.25.0/include/mbedtls -I../mtb_shared/mbedtls/mbedtls-2.25.0/include -I../mtb_shared/mbedtls/mbedtls-2.25.0 -I../mtb_shared/mbedtls/mbedtls-2.25.0/include/psa -I../mtb_shared/mbedtls/mbedtls-2.25.0/library -I../mtb_shared/mtb-hal-cat1/release-v2.2.0/COMPONENT_CAT1A/include/pin_packages -I../mtb_shared/mtb-hal-cat1/release-v2.2.0/COMPONENT_CAT1A/include -I../mtb_shared/mtb-hal-cat1/release-v2.2.0/COMPONENT_CAT1A -I../mtb_shared/mtb-hal-cat1/release-v2.2.0 -I../mtb_shared/mtb-hal-cat1/release-v2.2.0/COMPONENT_CAT1A/include/triggers -I../mtb_shared/mtb-hal-cat1/release-v2.2.0/include -I../mtb_shared/mtb-hal-cat1/release-v2.2.0/include_pvt -I../mtb_shared/mtb-hal-cat1/release-v2.2.0/source -I../mtb_shared/mtb-pdl-cat1/release-v3.0.0/devices/COMPONENT_CAT1A/include -I../mtb_shared/mtb-pdl-cat1/release-v3.0.0/devices/COMPONENT_CAT1A -I../mtb_shared/mtb-pdl-cat1/release-v3.0.0/devices -I../mtb_shared/mtb-pdl-cat1/release-v3.0.0 -I../mtb_shared/mtb-pdl-cat1/release-v3.0.0/devices/COMPONENT_CAT1A/include/ip -I../mtb_shared/mtb-pdl-cat1/release-v3.0.0/drivers/include -I../mtb_shared/mtb-pdl-cat1/release-v3.0.0/drivers -I../mtb_shared/secure-sockets/release-v3.0.0/include -I../mtb_shared/secure-sockets/release-v3.0.0 -I../mtb_shared/secure-sockets/release-v3.0.0/include/COMPONENT_FREERTOS -I../mtb_shared/secure-sockets/release-v3.0.0/source -I../mtb_shared/whd-bsp-integration/release-v2.1.0 -I../mtb_shared/wifi-connection-manager/release-v3.0.0/include -I../mtb_shared/wifi-connection-manager/release-v3.0.0 -I../mtb_shared/wifi-connection-manager/release-v3.0.0/source/COMPONENT_4343W -I../mtb_shared/wifi-connection-manager/release-v3.0.0/source -I../mtb_shared/wifi-connection-manager/release-v3.0.0/source/COMPONENT_MBEDTLS -I../mtb_shared/wifi-host-driver/release-v2.5.0/WiFi_Host_Driver/inc -I../mtb_shared/wifi-host-driver/release-v2.5.0/WiFi_Host_Driver -I../mtb_shared/wifi-host-driver/release-v2.5.0 -I../mtb_shared/wifi-host-driver/release-v2.5.0/WiFi_Host_Driver/resources/clm/COMPONENT_4343W -I../mtb_shared/wifi-host-driver/release-v2.5.0/WiFi_Host_Driver/resources/clm -I../mtb_shared/wifi-host-driver/release-v2.5.0/WiFi_Host_Driver/resources -I../mtb_shared/wifi-host-driver/release-v2.5.0/WiFi_Host_Driver/resources/firmware/COMPONENT_4343W -I../mtb_shared/wifi-host-driver/release-v2.5.0/WiFi_Host_Driver/resources/firmware -I../mtb_shared/wifi-host-driver/release-v2.5.0/WiFi_Host_Driver/resources/nvram/COMPONENT_4343W/COMPONENT_MURATA-1DX -I../mtb_shared/wifi-host-driver/release-v2.5.0/WiFi_Host_Driver/resources/nvram/COMPONENT_4343W -I../mtb_shared/wifi-host-driver/release-v2.5.0/WiFi_Host_Driver/resources/nvram -I../mtb_shared/wifi-host-driver/release-v2.5.0/WiFi_Host_Driver/resources/resource_imp -I../mtb_shared/wifi-host-driver/release-v2.5.0/WiFi_Host_Driver/src/bus_protocols -I../mtb_shared/wifi-host-driver/release-v2.5.0/WiFi_Host_Driver/src -I../mtb_shared/wifi-host-driver/release-v2.5.0/WiFi_Host_Driver/src/include -I../mtb_shared/wpa3-external-supplicant/release-v1.1.0/include -I../mtb_shared/wpa3-external-supplicant/release-v1.1.0 
source/udp_client.c: In function 'udp_client_task':
source/udp_client.c:187:46: warning: format '%d' expects argument of type 'int', but argument 3 has type 'uint32_t' {aka 'long unsigned int'} [-Wformat=]
  187 |      sprintf(boodschap, "Capsense position: %d", commant_data.waarde);
      |                                             ~^   ~~~~~~~~~~~~~~~~~~~
      |                                              |               |
      |                                              int             uint32_t {aka long unsigned int}
      |                                             %ld
source/udp_client.c:188:40: warning: format '%c' expects argument of type 'int', but argument 2 has type 'uint32_t' {aka 'long unsigned int'} [-Wformat=]
  188 |      printf("----- Capsense position: %c\n", commant_data.waarde);
      |                                       ~^     ~~~~~~~~~~~~~~~~~~~
      |                                        |                 |
      |                                        int               uint32_t {aka long unsigned int}
      |                                       %ld
source/udp_client.c:176:14: warning: variable 'prev_pos' set but not used [-Wunused-but-set-variable]
  176 |     uint32_t prev_pos = 0;
      |              ^~~~~~~~
source/udp_client.c:131:14: warning: unused variable 'led_state_ack' [-Wunused-variable]
  131 |     uint32_t led_state_ack = LED_OFF_CMD;
      |              ^~~~~~~~~~~~~
    Linking output file mtb-example-wifi-udp-client.elf
C:/Users/Senne/ModusToolbox/tools_3.0/gcc/bin/arm-none-eabi-objcopy -O ihex C:/Users/Senne/opdracht_1_versie_16/WiFi_UDP_Client/build/APP_CY8CPROTO-062-4343W/Debug/mtb-example-wifi-udp-client.elf C:/Users/Senne/opdracht_1_versie_16/WiFi_UDP_Client/build/APP_CY8CPROTO-062-4343W/Debug/mtb-example-wifi-udp-client.hex
==============================================================================
= Build complete =
==============================================================================

Calculating memory consumption: CY8C624ABZI-S2D44 GCC_ARM

   ---------------------------------------------------- 
  | Section Name         |  Address      |  Size       | 
   ---------------------------------------------------- 
  | .cy_m0p_image        |  0x10000000   |  6224       | 
  | .text                |  0x10002000   |  746704     | 
  | .ARM.exidx           |  0x100b84d0   |  8          | 
  | .copy.table          |  0x100b84d8   |  24         | 
  | .zero.table          |  0x100b84f0   |  8          | 
  | .data                |  0x080022e0   |  2272       | 
  | .cy_sharedmem        |  0x08002bc0   |  8          | 
  | .noinit              |  0x08002bc8   |  224        | 
  | .bss                 |  0x08002ca8   |  57476      | 
  | .heap                |  0x08010d30   |  973520     | 
   ---------------------------------------------------- 

  Total Internal Flash (Available)          2097152    
  Total Internal Flash (Utilized)           757224     


  

17:37:54 Build Finished. 0 errors, 4 warnings. (took 42s.276ms)

